# JRE version: 7.0_10-b18
# Java VM: Java HotSpot(TM) Client VM (23.6-b04 mixed mode windows-x86 )
Heap
 def new generation   total 4928K, used 683K [0x04760000, 0x04cb0000, 0x09cb0000)
  eden space 4416K,   7% used [0x04760000, 0x047b60f8, 0x04bb0000)
  from space 512K,  66% used [0x04bb0000, 0x04c04de0, 0x04c30000)
  to   space 512K,   0% used [0x04c30000, 0x04c30000, 0x04cb0000)
 tenured generation   total 10944K, used 7699K [0x09cb0000, 0x0a760000, 0x14760000)
   the space 10944K,  70% used [0x09cb0000, 0x0a434d50, 0x0a434e00, 0x0a760000)
 compacting perm gen  total 12288K, used 11016K [0x14760000, 0x15360000, 0x18760000)
   the space 12288K,  89% used [0x14760000, 0x15222040, 0x15222200, 0x15360000)
GC Heap History (10 events):
Event: 264.011 GC heap before
{Heap before GC invocations=79 (full 0):
 def new generation   total 4928K, used 4667K [0x04760000, 0x04cb0000, 0x09cb0000)
  eden space 4416K, 100% used [0x04760000, 0x04bb0000, 0x04bb0000)
  from space 512K,  49% used [0x04c30000, 0x04c6ecb0, 0x04cb0000)
  to   space 512K,   0% used [0x04bb0000, 0x04bb0000, 0x04c30000)
 tenured generation   total 10944K, used 7663K [0x09cb0000, 0x0a760000, 0x14760000)
   the space 10944K,  70% used [0x09cb0000, 0x0a42bc30, 0x0a42be00, 0x0a760000)
 compacting perm gen  total 12288K, used 10912K [0x14760000, 0x15360000, 0x18760000)
   the space 12288K,  88% used [0x14760000, 0x15208350, 0x15208400, 0x15360000)
No shared spaces configured.
Event: 264.012 GC heap after
Heap after GC invocations=80 (full 0):
 def new generation   total 4928K, used 155K [0x04760000, 0x04cb0000, 0x09cb0000)
  eden space 4416K,   0% used [0x04760000, 0x04760000, 0x04bb0000)
  from space 512K,  30% used [0x04bb0000, 0x04bd6cc0, 0x04c30000)
  to   space 512K,   0% used [0x04c30000, 0x04c30000, 0x04cb0000)
 tenured generation   total 10944K, used 7663K [0x09cb0000, 0x0a760000, 0x14760000)
   the space 10944K,  70% used [0x09cb0000, 0x0a42bc30, 0x0a42be00, 0x0a760000)
 compacting perm gen  total 12288K, used 10912K [0x14760000, 0x15360000, 0x18760000)
   the space 12288K,  88% used [0x14760000, 0x15208350, 0x15208400, 0x15360000)
No shared spaces configured.
}
Event: 272.841 GC heap before
{Heap before GC invocations=80 (full 0):
 def new generation   total 4928K, used 4571K [0x04760000, 0x04cb0000, 0x09cb0000)
  eden space 4416K, 100% used [0x04760000, 0x04bb0000, 0x04bb0000)
  from space 512K,  30% used [0x04bb0000, 0x04bd6cc0, 0x04c30000)
  to   space 512K,   0% used [0x04c30000, 0x04c30000, 0x04cb0000)
 tenured generation   total 10944K, used 7663K [0x09cb0000, 0x0a760000, 0x14760000)
   the space 10944K,  70% used [0x09cb0000, 0x0a42bc30, 0x0a42be00, 0x0a760000)
 compacting perm gen  total 12288K, used 10923K [0x14760000, 0x15360000, 0x18760000)
   the space 12288K,  88% used [0x14760000, 0x1520ad30, 0x1520ae00, 0x15360000)
No shared spaces configured.
Event: 272.843 GC heap after
Heap after GC invocations=81 (full 0):
 def new generation   total 4928K, used 208K [0x04760000, 0x04cb0000, 0x09cb0000)
  eden space 4416K,   0% used [0x04760000, 0x04760000, 0x04bb0000)
  from space 512K,  40% used [0x04c30000, 0x04c64060, 0x04cb0000)
  to   space 512K,   0% used [0x04bb0000, 0x04bb0000, 0x04c30000)
 tenured generation   total 10944K, used 7663K [0x09cb0000, 0x0a760000, 0x14760000)
   the space 10944K,  70% used [0x09cb0000, 0x0a42bc30, 0x0a42be00, 0x0a760000)
 compacting perm gen  total 12288K, used 10923K [0x14760000, 0x15360000, 0x18760000)
   the space 12288K,  88% used [0x14760000, 0x1520ad30, 0x1520ae00, 0x15360000)
No shared spaces configured.
}
Event: 295.890 GC heap before
{Heap before GC invocations=81 (full 0):
 def new generation   total 4928K, used 4624K [0x04760000, 0x04cb0000, 0x09cb0000)
  eden space 4416K, 100% used [0x04760000, 0x04bb0000, 0x04bb0000)
  from space 512K,  40% used [0x04c30000, 0x04c64060, 0x04cb0000)
  to   space 512K,   0% used [0x04bb0000, 0x04bb0000, 0x04c30000)
 tenured generation   total 10944K, used 7663K [0x09cb0000, 0x0a760000, 0x14760000)
   the space 10944K,  70% used [0x09cb0000, 0x0a42bc30, 0x0a42be00, 0x0a760000)
 compacting perm gen  total 12288K, used 10930K [0x14760000, 0x15360000, 0x18760000)
   the space 12288K,  88% used [0x14760000, 0x1520cbb0, 0x1520cc00, 0x15360000)
No shared spaces configured.
Event: 295.892 GC heap after
Heap after GC invocations=82 (full 0):
 def new generation   total 4928K, used 201K [0x04760000, 0x04cb0000, 0x09cb0000)
  eden space 4416K,   0% used [0x04760000, 0x04760000, 0x04bb0000)
  from space 512K,  39% used [0x04bb0000, 0x04be25a0, 0x04c30000)
  to   space 512K,   0% used [0x04c30000, 0x04c30000, 0x04cb0000)
 tenured generation   total 10944K, used 7680K [0x09cb0000, 0x0a760000, 0x14760000)
   the space 10944K,  70% used [0x09cb0000, 0x0a430028, 0x0a430200, 0x0a760000)
 compacting perm gen  total 12288K, used 10930K [0x14760000, 0x15360000, 0x18760000)
   the space 12288K,  88% used [0x14760000, 0x1520cbb0, 0x1520cc00, 0x15360000)
No shared spaces configured.
}
Event: 308.750 GC heap before
{Heap before GC invocations=82 (full 0):
 def new generation   total 4928K, used 4613K [0x04760000, 0x04cb0000, 0x09cb0000)
  eden space 4416K,  99% used [0x04760000, 0x04baf110, 0x04bb0000)
  from space 512K,  39% used [0x04bb0000, 0x04be25a0, 0x04c30000)
  to   space 512K,   0% used [0x04c30000, 0x04c30000, 0x04cb0000)
 tenured generation   total 10944K, used 7680K [0x09cb0000, 0x0a760000, 0x14760000)
   the space 10944K,  70% used [0x09cb0000, 0x0a430028, 0x0a430200, 0x0a760000)
 compacting perm gen  total 12288K, used 10940K [0x14760000, 0x15360000, 0x18760000)
   the space 12288K,  89% used [0x14760000, 0x1520f100, 0x1520f200, 0x15360000)
No shared spaces configured.
Event: 308.752 GC heap after
Heap after GC invocations=83 (full 0):
 def new generation   total 4928K, used 171K [0x04760000, 0x04cb0000, 0x09cb0000)
  eden space 4416K,   0% used [0x04760000, 0x04760000, 0x04bb0000)
  from space 512K,  33% used [0x04c30000, 0x04c5ae00, 0x04cb0000)
  to   space 512K,   0% used [0x04bb0000, 0x04bb0000, 0x04c30000)
 tenured generation   total 10944K, used 7690K [0x09cb0000, 0x0a760000, 0x14760000)
   the space 10944K,  70% used [0x09cb0000, 0x0a432b08, 0x0a432c00, 0x0a760000)
 compacting perm gen  total 12288K, used 10940K [0x14760000, 0x15360000, 0x18760000)
   the space 12288K,  89% used [0x14760000, 0x1520f100, 0x1520f200, 0x15360000)
No shared spaces configured.
}
Event: 330.829 GC heap before
{Heap before GC invocations=83 (full 0):
 def new generation   total 4928K, used 4587K [0x04760000, 0x04cb0000, 0x09cb0000)
  eden space 4416K, 100% used [0x04760000, 0x04bb0000, 0x04bb0000)
  from space 512K,  33% used [0x04c30000, 0x04c5ae00, 0x04cb0000)
  to   space 512K,   0% used [0x04bb0000, 0x04bb0000, 0x04c30000)
 tenured generation   total 10944K, used 7690K [0x09cb0000, 0x0a760000, 0x14760000)
   the space 10944K,  70% used [0x09cb0000, 0x0a432b08, 0x0a432c00, 0x0a760000)
 compacting perm gen  total 12288K, used 11016K [0x14760000, 0x15360000, 0x18760000)
   the space 12288K,  89% used [0x14760000, 0x15222040, 0x15222200, 0x15360000)
No shared spaces configured.
Event: 330.831 GC heap after
Heap after GC invocations=84 (full 0):
 def new generation   total 4928K, used 339K [0x04760000, 0x04cb0000, 0x09cb0000)
  eden space 4416K,   0% used [0x04760000, 0x04760000, 0x04bb0000)
  from space 512K,  66% used [0x04bb0000, 0x04c04de0, 0x04c30000)
  to   space 512K,   0% used [0x04c30000, 0x04c30000, 0x04cb0000)
 tenured generation   total 10944K, used 7699K [0x09cb0000, 0x0a760000, 0x14760000)
   the space 10944K,  70% used [0x09cb0000, 0x0a434d50, 0x0a434e00, 0x0a760000)
 compacting perm gen  total 12288K, used 11016K [0x14760000, 0x15360000, 0x18760000)
   the space 12288K,  89% used [0x14760000, 0x15222040, 0x15222200, 0x15360000)
No shared spaces configured.
}

